2025-06-26 14:02:01,863 - chat_model - ERROR - Error loading model: 
        An attempt has been made to start a new process before the
        current process has finished its bootstrapping phase.

        This probably means that you are not using fork to start your
        child processes and you have forgotten to use the proper idiom
        in the main module:

            if __name__ == '__main__':
                freeze_support()
                ...

        The "freeze_support()" line can be omitted if the program
        is not going to be frozen to produce an executable.
2025-06-26 14:02:03,510 - chat_model - ERROR - Error loading model: worker died
2025-06-26 14:03:39,031 - chat_model - ERROR - Error loading model: 
        An attempt has been made to start a new process before the
        current process has finished its bootstrapping phase.

        This probably means that you are not using fork to start your
        child processes and you have forgotten to use the proper idiom
        in the main module:

            if __name__ == '__main__':
                freeze_support()
                ...

        The "freeze_support()" line can be omitted if the program
        is not going to be frozen to produce an executable.
2025-06-26 14:03:40,056 - chat_model - ERROR - Error loading model: worker died
2025-06-26 15:02:19,554 - chat_model - INFO - Model loaded successfully
2025-06-26 15:02:19,557 - chat_model - INFO - Memory initialized successfully
2025-06-26 15:02:19,558 - chat_model - INFO - Conversational retrieval chain created successfully
2025-06-26 15:07:26,101 - chat_model - INFO - Model loaded successfully
2025-06-26 15:07:26,103 - chat_model - INFO - Memory initialized successfully
2025-06-26 15:07:26,103 - chat_model - INFO - Conversational retrieval chain created successfully
2025-06-26 15:08:54,180 - chat_model - INFO - Model loaded successfully
2025-06-26 15:08:54,180 - chat_model - INFO - Memory initialized successfully
2025-06-26 15:08:54,180 - chat_model - INFO - Conversational retrieval chain created successfully
2025-06-26 15:10:04,091 - chat_model - INFO - Model loaded successfully
2025-06-26 15:10:04,091 - chat_model - INFO - Memory initialized successfully
2025-06-26 15:10:04,091 - chat_model - INFO - Conversational retrieval chain created successfully
2025-06-26 15:11:27,516 - chat_model - INFO - Model loaded successfully
2025-06-26 15:11:27,518 - chat_model - INFO - Memory initialized successfully
2025-06-26 15:11:27,519 - chat_model - INFO - Conversational retrieval chain created successfully
2025-06-26 15:12:05,047 - chat_model - INFO - Model loaded successfully
2025-06-26 15:12:05,048 - chat_model - INFO - Memory initialized successfully
2025-06-26 15:12:05,048 - chat_model - INFO - Conversational retrieval chain created successfully
2025-06-26 15:12:40,492 - chat_model - INFO - Model loaded successfully
2025-06-26 15:12:40,493 - chat_model - INFO - Memory initialized successfully
2025-06-26 15:12:40,493 - chat_model - INFO - Conversational retrieval chain created successfully
2025-06-26 15:13:19,680 - chat_model - INFO - Model loaded successfully
2025-06-26 15:13:19,681 - chat_model - INFO - Memory initialized successfully
2025-06-26 15:13:19,681 - chat_model - INFO - Conversational retrieval chain created successfully
2025-06-26 15:21:29,315 - chat_model - INFO - Model loaded successfully
2025-06-26 15:21:29,317 - chat_model - INFO - Memory initialized successfully
2025-06-26 15:21:29,318 - chat_model - INFO - Conversational retrieval chain created successfully
2025-06-26 15:21:45,537 - chat_model - INFO - Model loaded successfully
2025-06-26 15:21:45,537 - chat_model - INFO - Memory initialized successfully
2025-06-26 15:21:45,537 - chat_model - INFO - Conversational retrieval chain created successfully
2025-06-26 15:24:14,775 - chat_model - INFO - Model loaded successfully
2025-06-26 15:24:14,782 - chat_model - INFO - Memory initialized successfully
2025-06-26 15:24:14,783 - chat_model - INFO - Conversational retrieval chain created successfully
2025-06-26 15:24:28,306 - chat_model - INFO - Model loaded successfully
2025-06-26 15:24:28,306 - chat_model - INFO - Memory initialized successfully
2025-06-26 15:24:28,306 - chat_model - INFO - Conversational retrieval chain created successfully
2025-06-26 15:24:53,837 - chat_model - INFO - Model loaded successfully
2025-06-26 15:24:53,838 - chat_model - INFO - Memory initialized successfully
2025-06-26 15:24:53,838 - chat_model - INFO - Conversational retrieval chain created successfully
2025-06-26 15:25:43,451 - chat_model - INFO - Model loaded successfully
2025-06-26 15:25:43,452 - chat_model - INFO - Memory initialized successfully
2025-06-26 15:25:43,453 - chat_model - INFO - Conversational retrieval chain created successfully
2025-06-26 15:26:23,872 - chat_model - INFO - Model loaded successfully
2025-06-26 15:26:23,872 - chat_model - INFO - Memory initialized successfully
2025-06-26 15:26:23,872 - chat_model - INFO - Conversational retrieval chain created successfully
2025-06-26 15:44:20,736 - chat_model - INFO - Model loaded successfully
2025-06-26 15:44:20,738 - chat_model - INFO - Memory initialized successfully
2025-06-26 15:44:20,738 - chat_model - INFO - Conversational retrieval chain created successfully
2025-06-26 16:06:59,494 - chat_model - INFO - Model loaded successfully
2025-06-26 16:06:59,496 - chat_model - INFO - Memory initialized successfully
2025-06-26 16:06:59,497 - chat_model - INFO - Conversational retrieval chain created successfully
2025-06-26 16:17:18,796 - chat_model - INFO - Model loaded successfully
2025-06-26 16:17:18,799 - chat_model - INFO - Memory initialized successfully
2025-06-26 16:17:18,799 - chat_model - INFO - Conversational retrieval chain created successfully
2025-06-26 16:20:58,636 - chat_model - INFO - Model loaded successfully
2025-06-26 16:20:58,639 - chat_model - INFO - Memory initialized successfully
2025-06-26 16:20:58,639 - chat_model - INFO - Conversational retrieval chain created successfully
2025-06-26 16:59:18,185 - chat_model - INFO - Model loaded successfully
2025-06-26 16:59:18,188 - chat_model - INFO - Memory initialized successfully
2025-06-26 16:59:18,189 - chat_model - INFO - Conversational retrieval chain created successfully
2025-06-26 17:05:19,074 - chat_model - INFO - Model loaded successfully
2025-06-26 17:05:19,077 - chat_model - INFO - Memory initialized successfully
2025-06-26 17:05:19,077 - chat_model - INFO - Conversational retrieval chain created successfully
2025-06-26 17:09:11,466 - chat_model - INFO - Model loaded successfully
2025-06-26 17:09:11,468 - chat_model - INFO - Memory initialized successfully
2025-06-26 17:09:11,469 - chat_model - INFO - Conversational retrieval chain created successfully
2025-06-26 17:15:30,207 - chat_model - INFO - Model loaded successfully
2025-06-26 17:15:30,210 - chat_model - INFO - Memory initialized successfully
2025-06-26 17:15:30,211 - chat_model - INFO - Conversational retrieval chain created successfully
2025-06-26 17:24:35,185 - chat_model - INFO - Model loaded successfully
2025-06-26 17:24:35,188 - chat_model - INFO - Memory initialized successfully
2025-06-26 17:24:35,189 - chat_model - INFO - Conversational retrieval chain created successfully
2025-06-26 17:29:53,528 - chat_model - INFO - Model loaded successfully
2025-06-26 17:29:53,530 - chat_model - INFO - Memory initialized successfully
2025-06-26 17:29:53,530 - chat_model - INFO - Conversational retrieval chain created successfully
2025-06-26 17:59:08,976 - chat_model - INFO - Model loaded successfully
2025-06-26 17:59:08,979 - chat_model - INFO - Memory initialized successfully
2025-06-26 17:59:08,980 - chat_model - INFO - Conversational retrieval chain created successfully
2025-06-27 10:44:35,688 - chat_model - INFO - Model loaded successfully
2025-06-27 10:44:35,695 - chat_model - INFO - Memory initialized successfully
2025-06-27 10:44:35,696 - chat_model - INFO - Conversational retrieval chain created successfully
2025-06-27 12:37:49,282 - chat_model - INFO - Model loaded successfully
2025-06-27 12:37:49,288 - chat_model - INFO - Memory initialized successfully
2025-06-27 12:37:49,289 - chat_model - INFO - Conversational retrieval chain created successfully
2025-06-27 12:39:36,723 - chat_model - INFO - Model loaded successfully
2025-06-27 12:39:36,723 - chat_model - INFO - Memory initialized successfully
2025-06-27 12:39:36,724 - chat_model - INFO - Conversational retrieval chain created successfully
2025-06-27 12:40:24,240 - chat_model - INFO - Model loaded successfully
2025-06-27 12:40:24,240 - chat_model - INFO - Memory initialized successfully
2025-06-27 12:40:24,241 - chat_model - INFO - Conversational retrieval chain created successfully
2025-06-27 12:40:55,905 - chat_model - INFO - Model loaded successfully
2025-06-27 12:40:55,906 - chat_model - INFO - Memory initialized successfully
2025-06-27 12:40:55,906 - chat_model - INFO - Conversational retrieval chain created successfully
2025-06-27 16:20:57,603 - chat_model - INFO - Model loaded successfully
2025-06-27 16:20:57,610 - chat_model - INFO - Memory initialized successfully
2025-06-27 16:20:57,611 - chat_model - INFO - Conversational retrieval chain created successfully
2025-06-27 16:50:36,862 - chat_model - INFO - Model loaded successfully
2025-06-27 16:50:36,865 - chat_model - INFO - Memory initialized successfully
2025-06-27 16:50:36,867 - chat_model - INFO - Conversational retrieval chain created successfully
2025-06-27 16:52:14,718 - chat_model - INFO - Model loaded successfully
2025-06-27 16:52:14,718 - chat_model - INFO - Memory initialized successfully
2025-06-27 16:52:14,719 - chat_model - INFO - Conversational retrieval chain created successfully
2025-06-27 16:52:30,961 - chat_model - INFO - Model loaded successfully
2025-06-27 16:52:30,962 - chat_model - INFO - Memory initialized successfully
2025-06-27 16:52:30,962 - chat_model - INFO - Conversational retrieval chain created successfully
2025-06-27 16:52:40,018 - chat_model - INFO - Model loaded successfully
2025-06-27 16:52:40,018 - chat_model - INFO - Memory initialized successfully
2025-06-27 16:52:40,019 - chat_model - INFO - Conversational retrieval chain created successfully
2025-06-27 16:53:06,467 - chat_model - INFO - Model loaded successfully
2025-06-27 16:53:06,467 - chat_model - INFO - Memory initialized successfully
2025-06-27 16:53:06,468 - chat_model - INFO - Conversational retrieval chain created successfully
