2025-06-26 12:10:50,980 - data_prep - INFO - Total documents loaded: 59 from ./documents/resume
2025-06-26 12:33:38,007 - data_prep - INFO - Total documents loaded: 59 from ./documents/resume
2025-06-26 12:33:38,008 - data_prep - ERROR - Error chunking documents: 'int' object is not subscriptable
2025-06-26 12:38:49,515 - data_prep - INFO - Total documents loaded: 59 from ./documents/resume
2025-06-26 12:38:49,523 - data_prep - INFO - Total chunks created: 196 from 59 documents with chunk size 800 and overlap 100
2025-06-26 12:39:19,649 - data_prep - INFO - Total documents loaded: 59 from ./documents/resume
2025-06-26 12:39:19,657 - data_prep - INFO - Total chunks created: 177 from 59 documents with chunk size 1000 and overlap 200
2025-06-26 12:43:06,918 - data_prep - INFO - Total documents loaded: 59 from ./documents/resume
2025-06-26 12:43:06,926 - data_prep - INFO - Total chunks created: 196 from 59 documents with chunk size 800 and overlap 100
2025-06-26 12:48:02,060 - data_prep - INFO - Total documents loaded: 59 from ./documents/resume
2025-06-26 12:48:02,068 - data_prep - INFO - Total chunks created: 196 from 59 documents with chunk size 800 and overlap 100
2025-06-26 12:48:21,476 - data_prep - INFO - Total documents loaded: 59 from ./documents/resume
2025-06-26 13:08:28,784 - data_prep - INFO - Total documents loaded: 59 from ./data/documents
2025-06-26 13:08:28,792 - data_prep - INFO - Total chunks created: 196 from 59 documents with chunk size 800 and overlap 100
2025-06-26 13:09:00,353 - data_prep - INFO - Added 196 new documents to ChromaDB.
2025-06-26 13:09:46,324 - data_prep - INFO - Total documents loaded: 59 from ./data/documents
2025-06-26 13:09:46,333 - data_prep - INFO - Total chunks created: 196 from 59 documents with chunk size 800 and overlap 100
2025-06-26 13:09:46,808 - data_prep - INFO - All documents already exist in ChromaDB. No new documents added.
2025-06-26 13:16:15,775 - data_prep - INFO - Total documents loaded: 59 from ./data/documents
2025-06-26 13:16:15,783 - data_prep - INFO - Total chunks created: 196 from 59 documents with chunk size 800 and overlap 100
2025-06-26 13:16:16,004 - data_prep - INFO - All documents already exist in ChromaDB. No new documents added.
2025-06-26 15:19:08,861 - data_prep - INFO - Total documents loaded: 8 from ./data/documents
2025-06-26 15:19:08,865 - data_prep - INFO - Total chunks created: 56 from 8 documents with chunk size 800 and overlap 100
2025-06-26 15:19:12,222 - data_prep - INFO - Added 56 new documents to ChromaDB.
2025-06-26 15:31:04,493 - data_prep - INFO - Total documents loaded: 8 from ./data/documents
2025-06-26 15:31:04,498 - data_prep - INFO - Total chunks created: 56 from 8 documents with chunk size 800 and overlap 100
2025-06-26 15:31:05,368 - data_prep - INFO - Added 56 new documents to ChromaDB.
2025-06-26 15:31:24,636 - data_prep - INFO - Total documents loaded: 8 from ./data/documents
2025-06-26 15:31:24,639 - data_prep - INFO - Total chunks created: 56 from 8 documents with chunk size 800 and overlap 100
2025-06-26 15:31:24,858 - data_prep - INFO - All documents already exist in ChromaDB. No new documents added.
2025-06-26 15:44:12,819 - data_prep - INFO - Total documents loaded: 8 from ./data/documents
2025-06-26 15:44:12,824 - data_prep - INFO - Total chunks created: 56 from 8 documents with chunk size 800 and overlap 100
2025-06-26 15:44:13,060 - data_prep - INFO - All documents already exist in ChromaDB. No new documents added.
2025-06-26 15:44:55,591 - data_prep - INFO - Collection 'rag_collection' deleted from ChromaDB.
2025-06-26 16:06:24,197 - data_prep - INFO - Total documents loaded: 8 from /tmp/tmpyeu1ymro
2025-06-26 16:06:24,204 - data_prep - INFO - Total chunks created: 56 from 8 documents with chunk size 800 and overlap 100
2025-06-26 16:06:29,501 - data_prep - INFO - Added 56 new documents to ChromaDB.
2025-06-26 16:09:31,373 - data_prep - ERROR - Error deleting collection from ChromaDB: Collection dasdas does not exist.
2025-06-26 16:09:45,952 - data_prep - INFO - Collection 'collection1' deleted from ChromaDB.
2025-06-26 16:16:57,493 - data_prep - INFO - Total documents loaded: 8 from ./data/documents
2025-06-26 16:16:57,496 - data_prep - INFO - Total chunks created: 56 from 8 documents with chunk size 800 and overlap 100
2025-06-26 16:16:59,705 - data_prep - INFO - Added 56 new documents to ChromaDB.
2025-06-26 16:20:49,923 - data_prep - INFO - Total documents loaded: 8 from ./data/documents
2025-06-26 16:20:49,927 - data_prep - INFO - Total chunks created: 56 from 8 documents with chunk size 800 and overlap 100
2025-06-26 16:20:50,163 - data_prep - INFO - All documents already exist in ChromaDB. No new documents added.
2025-06-26 16:59:06,677 - data_prep - INFO - Total chunks created: 56 from 8 documents with chunk size 800 and overlap 100
2025-06-26 16:59:06,908 - data_prep - INFO - All documents already exist in ChromaDB. No new documents added.
2025-06-26 17:00:32,375 - data_prep - INFO - Total chunks created: 56 from 8 documents with chunk size 800 and overlap 100
2025-06-26 17:00:32,608 - data_prep - INFO - All documents already exist in ChromaDB. No new documents added.
2025-06-26 17:05:10,792 - data_prep - INFO - Total chunks created: 56 from 8 documents with chunk size 800 and overlap 100
2025-06-26 17:05:11,023 - data_prep - INFO - All documents already exist in ChromaDB. No new documents added.
2025-06-26 17:10:39,558 - data_prep - INFO - Total chunks created: 1 from 1 documents with chunk size 800 and overlap 100
2025-06-26 17:10:39,934 - data_prep - INFO - Added 1 new documents to ChromaDB.
2025-06-26 17:14:45,425 - data_prep - INFO - Collection 'collection1' deleted from ChromaDB.
2025-06-26 17:14:52,182 - data_prep - INFO - Collection 'vidya' deleted from ChromaDB.
2025-06-26 17:15:08,517 - data_prep - INFO - Total chunks created: 56 from 8 documents with chunk size 800 and overlap 100
2025-06-26 17:15:09,107 - data_prep - INFO - Added 56 new documents to ChromaDB.
2025-06-26 17:16:19,034 - data_prep - INFO - Collection 'collection1' deleted from ChromaDB.
2025-06-26 17:22:31,079 - data_prep - INFO - Total chunks created: 56 from 8 documents with chunk size 800 and overlap 100
2025-06-26 17:22:31,922 - data_prep - INFO - Added 56 new documents to ChromaDB.
2025-06-26 17:24:19,274 - data_prep - INFO - Collection 'collection1' deleted from ChromaDB.
2025-06-26 17:24:25,664 - data_prep - ERROR - Error deleting collection from ChromaDB: Collection collection1 does not exist.
2025-06-26 17:29:37,254 - data_prep - INFO - Total chunks created: 56 from 8 documents with chunk size 800 and overlap 100
2025-06-26 17:29:38,092 - data_prep - INFO - Added 56 new documents to ChromaDB.
2025-06-26 17:31:10,085 - data_prep - INFO - Collection 'research' deleted from ChromaDB.
2025-06-26 17:58:15,221 - data_prep - INFO - Total chunks created: 56 from 8 documents with chunk size 800 and overlap 100
2025-06-26 17:58:20,239 - data_prep - INFO - Added 56 new documents to ChromaDB.
2025-06-27 10:44:26,260 - data_prep - INFO - Total chunks created: 56 from 8 documents with chunk size 800 and overlap 100
2025-06-27 10:44:27,716 - data_prep - INFO - Added 56 new documents to ChromaDB.
2025-06-27 12:39:21,566 - data_prep - INFO - Total chunks created: 5 from 1 documents with chunk size 800 and overlap 100
2025-06-27 12:39:22,075 - data_prep - INFO - Added 5 new documents to ChromaDB.
2025-06-27 16:17:14,892 - data_prep - INFO - Total chunks created: 5 from 1 documents with chunk size 800 and overlap 100
2025-06-27 16:17:46,083 - data_prep - INFO - Total chunks created: 5 from 1 documents with chunk size 800 and overlap 100
2025-06-27 16:17:51,708 - data_prep - INFO - Added 5 new documents to ChromaDB.
2025-06-27 16:18:41,798 - data_prep - INFO - Collection 'collection1' deleted from ChromaDB.
2025-06-27 16:20:44,605 - data_prep - INFO - Total chunks created: 8 from 2 documents with chunk size 800 and overlap 100
2025-06-27 16:20:44,718 - data_prep - INFO - Added 8 new documents to ChromaDB.
2025-06-27 16:50:06,425 - data_prep - INFO - Total chunks created: 56 from 8 documents with chunk size 800 and overlap 100
2025-06-27 16:50:07,290 - data_prep - INFO - Added 56 new documents to ChromaDB.
2025-06-27 16:50:20,927 - data_prep - INFO - Collection 'hpc-slurm-doc' deleted from ChromaDB.
